TN:
SF:server/check-db.js
FN:18,(anonymous_0)
FN:24,(anonymous_1)
FN:36,(anonymous_2)
FN:43,(anonymous_3)
FN:49,(anonymous_4)
FN:59,(anonymous_5)
FN:75,(anonymous_6)
FN:87,(anonymous_7)
FNF:8
FNH:0
FNDA:0,(anonymous_0)
FNDA:0,(anonymous_1)
FNDA:0,(anonymous_2)
FNDA:0,(anonymous_3)
FNDA:0,(anonymous_4)
FNDA:0,(anonymous_5)
FNDA:0,(anonymous_6)
FNDA:0,(anonymous_7)
DA:1,0
DA:2,0
DA:4,0
DA:7,0
DA:8,0
DA:9,0
DA:10,0
DA:13,0
DA:15,0
DA:18,0
DA:19,0
DA:20,0
DA:21,0
DA:24,0
DA:25,0
DA:26,0
DA:27,0
DA:30,0
DA:31,0
DA:32,0
DA:33,0
DA:36,0
DA:37,0
DA:38,0
DA:39,0
DA:42,0
DA:43,0
DA:44,0
DA:46,0
DA:49,0
DA:50,0
DA:51,0
DA:52,0
DA:55,0
DA:56,0
DA:57,0
DA:59,0
DA:60,0
DA:61,0
DA:62,0
DA:65,0
DA:68,0
DA:76,0
DA:77,0
DA:78,0
DA:81,0
DA:82,0
DA:83,0
DA:84,0
DA:85,0
DA:87,0
DA:88,0
DA:89,0
DA:91,0
LF:54
LH:0
BRDA:8,0,0,0
BRDA:8,0,1,0
BRDA:19,1,0,0
BRDA:19,1,1,0
BRDA:25,2,0,0
BRDA:25,2,1,0
BRDA:37,3,0,0
BRDA:37,3,1,0
BRDA:50,4,0,0
BRDA:50,4,1,0
BRDA:56,5,0,0
BRDA:56,5,1,0
BRDA:76,6,0,0
BRDA:76,6,1,0
BRDA:82,7,0,0
BRDA:82,7,1,0
BRDA:83,8,0,0
BRDA:83,8,1,0
BRDA:84,9,0,0
BRDA:84,9,1,0
BRDA:85,10,0,0
BRDA:85,10,1,0
BRDA:88,11,0,0
BRDA:88,11,1,0
BRF:24
BRH:0
end_of_record
TN:
SF:server/clear-stats.js
FN:11,(anonymous_0)
FN:18,(anonymous_1)
FN:26,(anonymous_2)
FN:37,(anonymous_3)
FNF:4
FNH:0
FNDA:0,(anonymous_0)
FNDA:0,(anonymous_1)
FNDA:0,(anonymous_2)
FNDA:0,(anonymous_3)
DA:1,0
DA:2,0
DA:5,0
DA:6,0
DA:8,0
DA:11,0
DA:12,0
DA:13,0
DA:15,0
DA:18,0
DA:19,0
DA:20,0
DA:22,0
DA:26,0
DA:27,0
DA:28,0
DA:30,0
DA:33,0
DA:34,0
DA:37,0
DA:38,0
DA:39,0
DA:41,0
LF:23
LH:0
BRDA:12,0,0,0
BRDA:12,0,1,0
BRDA:19,1,0,0
BRDA:19,1,1,0
BRDA:27,2,0,0
BRDA:27,2,1,0
BRDA:38,3,0,0
BRDA:38,3,1,0
BRF:8
BRH:0
end_of_record
TN:
SF:server/config.js
FN:26,(anonymous_0)
FN:28,(anonymous_1)
FNF:2
FNH:0
FNDA:0,(anonymous_0)
FNDA:0,(anonymous_1)
DA:5,0
DA:7,0
DA:26,0
DA:27,0
DA:28,0
DA:30,0
DA:31,0
DA:35,0
DA:37,0
LF:9
LH:0
BRDA:9,0,0,0
BRDA:9,0,1,0
BRDA:10,1,0,0
BRDA:10,1,1,0
BRDA:13,2,0,0
BRDA:13,2,1,0
BRDA:16,3,0,0
BRDA:16,3,1,0
BRDA:22,4,0,0
BRDA:22,4,1,0
BRDA:30,5,0,0
BRDA:30,5,1,0
BRF:12
BRH:0
end_of_record
TN:
SF:server/index.js
FN:9,(anonymous_0)
FN:12,(anonymous_1)
FN:13,(anonymous_2)
FN:15,(anonymous_3)
FN:16,(anonymous_4)
FN:19,(anonymous_5)
FN:53,(anonymous_6)
FN:54,(anonymous_7)
FN:64,(anonymous_8)
FN:65,(anonymous_9)
FN:79,(anonymous_10)
FN:84,(anonymous_11)
FN:95,(anonymous_12)
FN:105,(anonymous_13)
FN:115,(anonymous_14)
FN:131,(anonymous_15)
FN:152,(anonymous_16)
FN:167,(anonymous_17)
FN:172,(anonymous_18)
FN:183,(anonymous_19)
FN:184,(anonymous_20)
FN:190,(anonymous_21)
FN:207,(anonymous_22)
FN:211,(anonymous_23)
FNF:24
FNH:0
FNDA:0,(anonymous_0)
FNDA:0,(anonymous_1)
FNDA:0,(anonymous_2)
FNDA:0,(anonymous_3)
FNDA:0,(anonymous_4)
FNDA:0,(anonymous_5)
FNDA:0,(anonymous_6)
FNDA:0,(anonymous_7)
FNDA:0,(anonymous_8)
FNDA:0,(anonymous_9)
FNDA:0,(anonymous_10)
FNDA:0,(anonymous_11)
FNDA:0,(anonymous_12)
FNDA:0,(anonymous_13)
FNDA:0,(anonymous_14)
FNDA:0,(anonymous_15)
FNDA:0,(anonymous_16)
FNDA:0,(anonymous_17)
FNDA:0,(anonymous_18)
FNDA:0,(anonymous_19)
FNDA:0,(anonymous_20)
FNDA:0,(anonymous_21)
FNDA:0,(anonymous_22)
FNDA:0,(anonymous_23)
DA:1,0
DA:2,0
DA:3,0
DA:4,0
DA:5,0
DA:6,0
DA:9,0
DA:10,0
DA:12,0
DA:13,0
DA:14,0
DA:15,0
DA:16,0
DA:17,0
DA:19,0
DA:23,0
DA:24,0
DA:26,0
DA:27,0
DA:28,0
DA:30,0
DA:33,0
DA:36,0
DA:39,0
DA:43,0
DA:46,0
DA:48,0
DA:53,0
DA:54,0
DA:55,0
DA:56,0
DA:57,0
DA:59,0
DA:64,0
DA:65,0
DA:66,0
DA:67,0
DA:68,0
DA:70,0
DA:71,0
DA:72,0
DA:74,0
DA:79,0
DA:80,0
DA:81,0
DA:85,0
DA:86,0
DA:87,0
DA:89,0
DA:95,0
DA:96,0
DA:106,0
DA:107,0
DA:108,0
DA:110,0
DA:115,0
DA:128,0
DA:131,0
DA:132,0
DA:133,0
DA:134,0
DA:137,0
DA:139,0
DA:144,0
DA:148,0
DA:153,0
DA:154,0
DA:155,0
DA:157,0
DA:167,0
DA:168,0
DA:169,0
DA:173,0
DA:174,0
DA:175,0
DA:177,0
DA:183,0
DA:184,0
DA:185,0
DA:186,0
DA:187,0
DA:190,0
DA:191,0
DA:192,0
DA:193,0
DA:196,0
DA:207,0
DA:208,0
DA:209,0
DA:211,0
DA:212,0
DA:213,0
DA:214,0
DA:215,0
DA:216,0
DA:217,0
DA:218,0
DA:219,0
DA:222,0
DA:225,0
DA:226,0
DA:230,0
LF:102
LH:0
BRDA:27,0,0,0
BRDA:27,0,1,0
BRDA:55,1,0,0
BRDA:55,1,1,0
BRDA:66,2,0,0
BRDA:66,2,1,0
BRDA:70,3,0,0
BRDA:70,3,1,0
BRDA:80,4,0,0
BRDA:80,4,1,0
BRDA:85,5,0,0
BRDA:85,5,1,0
BRDA:106,6,0,0
BRDA:106,6,1,0
BRDA:132,7,0,0
BRDA:132,7,1,0
BRDA:137,8,0,0
BRDA:137,8,1,0
BRDA:153,9,0,0
BRDA:153,9,1,0
BRDA:168,10,0,0
BRDA:168,10,1,0
BRDA:173,11,0,0
BRDA:173,11,1,0
BRDA:185,12,0,0
BRDA:185,12,1,0
BRDA:191,13,0,0
BRDA:191,13,1,0
BRF:28
BRH:0
end_of_record
TN:
SF:server/init-db.js
FN:11,(anonymous_0)
FN:21,(anonymous_1)
FN:47,(anonymous_2)
FN:58,(anonymous_3)
FN:69,(anonymous_4)
FN:88,(anonymous_5)
FN:100,(anonymous_6)
FN:110,(anonymous_7)
FNF:8
FNH:0
FNDA:0,(anonymous_0)
FNDA:0,(anonymous_1)
FNDA:0,(anonymous_2)
FNDA:0,(anonymous_3)
FNDA:0,(anonymous_4)
FNDA:0,(anonymous_5)
FNDA:0,(anonymous_6)
FNDA:0,(anonymous_7)
DA:1,0
DA:2,0
DA:5,0
DA:6,0
DA:8,0
DA:11,0
DA:13,0
DA:22,0
DA:23,0
DA:25,0
DA:30,0
DA:48,0
DA:49,0
DA:51,0
DA:56,0
DA:59,0
DA:60,0
DA:62,0
DA:67,0
DA:70,0
DA:71,0
DA:73,0
DA:78,0
DA:89,0
DA:90,0
DA:92,0
DA:97,0
DA:101,0
DA:102,0
DA:104,0
DA:110,0
DA:111,0
DA:112,0
DA:114,0
DA:115,0
LF:35
LH:0
BRDA:22,0,0,0
BRDA:22,0,1,0
BRDA:48,1,0,0
BRDA:48,1,1,0
BRDA:59,2,0,0
BRDA:59,2,1,0
BRDA:59,3,0,0
BRDA:59,3,1,0
BRDA:70,4,0,0
BRDA:70,4,1,0
BRDA:70,5,0,0
BRDA:70,5,1,0
BRDA:89,6,0,0
BRDA:89,6,1,0
BRDA:101,7,0,0
BRDA:101,7,1,0
BRDA:111,8,0,0
BRDA:111,8,1,0
BRF:18
BRH:0
end_of_record
TN:
SF:server/test-connection.js
FN:6,(anonymous_0)
FN:29,testConnection
FNF:2
FNH:0
FNDA:0,(anonymous_0)
FNDA:0,testConnection
DA:1,0
DA:2,0
DA:3,0
DA:6,0
DA:7,0
DA:9,0
DA:10,0
DA:11,0
DA:15,0
DA:16,0
DA:20,0
DA:24,0
DA:30,0
DA:32,0
DA:33,0
DA:34,0
DA:35,0
DA:37,0
DA:38,0
DA:39,0
DA:42,0
DA:44,0
DA:45,0
DA:46,0
DA:47,0
DA:48,0
DA:50,0
DA:54,0
DA:55,0
DA:56,0
DA:57,0
DA:58,0
DA:60,0
DA:64,0
DA:65,0
DA:77,0
DA:83,0
DA:84,0
DA:85,0
DA:87,0
DA:91,0
DA:92,0
DA:93,0
DA:94,0
DA:95,0
DA:97,0
DA:101,0
DA:102,0
DA:103,0
DA:104,0
DA:105,0
DA:107,0
DA:111,0
DA:116,0
LF:54
LH:0
BRDA:15,0,0,0
BRDA:15,0,1,0
BRDA:46,1,0,0
BRDA:46,1,1,0
BRDA:56,2,0,0
BRDA:56,2,1,0
BRDA:83,3,0,0
BRDA:83,3,1,0
BRDA:93,4,0,0
BRDA:93,4,1,0
BRDA:103,5,0,0
BRDA:103,5,1,0
BRF:12
BRH:0
end_of_record
TN:
SF:src/components/ErrorBoundary.tsx
FN:14,(anonymous_0)
FN:19,(anonymous_1)
FN:23,(anonymous_2)
FN:27,(anonymous_3)
FN:38,(anonymous_4)
FNF:5
FNH:0
FNDA:0,(anonymous_0)
FNDA:0,(anonymous_1)
FNDA:0,(anonymous_2)
FNDA:0,(anonymous_3)
FNDA:0,(anonymous_4)
DA:1,0
DA:13,0
DA:15,0
DA:16,0
DA:20,0
DA:24,0
DA:28,0
DA:29,0
DA:38,0
DA:47,0
LF:10
LH:0
BRDA:28,0,0,0
BRDA:29,1,0,0
BRDA:29,1,1,0
BRF:3
BRH:0
end_of_record
TN:
SF:src/components/LoginForm.tsx
FN:8,(anonymous_0)
FN:13,(anonymous_1)
FN:42,(anonymous_2)
FN:58,(anonymous_3)
FNF:4
FNH:0
FNDA:0,(anonymous_0)
FNDA:0,(anonymous_1)
FNDA:0,(anonymous_2)
FNDA:0,(anonymous_3)
DA:1,0
DA:8,0
DA:9,0
DA:10,0
DA:11,0
DA:13,0
DA:14,0
DA:15,0
DA:17,0
DA:18,0
DA:19,0
DA:21,0
DA:23,0
DA:27,0
DA:42,0
DA:58,0
LF:16
LH:0
BRDA:8,0,0,0
BRDA:15,1,0,0
BRDA:15,2,0,0
BRDA:15,2,1,0
BRDA:68,3,0,0
BRDA:68,3,1,0
BRDA:71,4,0,0
BRDA:71,4,1,0
BRF:8
BRH:0
end_of_record
TN:
SF:src/components/TypingTestEngine.tsx
FN:13,(anonymous_0)
FN:36,(anonymous_1)
FN:45,(anonymous_2)
FN:51,(anonymous_3)
FN:78,(anonymous_4)
FN:87,(anonymous_5)
FN:100,(anonymous_6)
FN:115,(anonymous_7)
FN:123,(anonymous_8)
FN:130,(anonymous_9)
FN:131,(anonymous_10)
FN:146,(anonymous_11)
FN:166,(anonymous_12)
FN:167,(anonymous_13)
FN:208,(anonymous_14)
FN:209,(anonymous_15)
FN:211,(anonymous_16)
FN:213,(anonymous_17)
FN:242,(anonymous_18)
FN:246,(anonymous_19)
FN:253,(anonymous_20)
FN:259,(anonymous_21)
FN:261,(anonymous_22)
FN:264,(anonymous_23)
FN:269,(anonymous_24)
FN:304,(anonymous_25)
FN:306,(anonymous_26)
FN:313,(anonymous_27)
FN:316,(anonymous_28)
FN:322,(anonymous_29)
FNF:30
FNH:18
FNDA:21,(anonymous_0)
FNDA:0,(anonymous_1)
FNDA:0,(anonymous_2)
FNDA:14,(anonymous_3)
FNDA:21,(anonymous_4)
FNDA:62,(anonymous_5)
FNDA:14,(anonymous_6)
FNDA:3,(anonymous_7)
FNDA:0,(anonymous_8)
FNDA:0,(anonymous_9)
FNDA:0,(anonymous_10)
FNDA:14,(anonymous_11)
FNDA:62,(anonymous_12)
FNDA:62,(anonymous_13)
FNDA:0,(anonymous_14)
FNDA:0,(anonymous_15)
FNDA:0,(anonymous_16)
FNDA:0,(anonymous_17)
FNDA:21,(anonymous_18)
FNDA:14,(anonymous_19)
FNDA:21,(anonymous_20)
FNDA:12,(anonymous_21)
FNDA:0,(anonymous_22)
FNDA:5,(anonymous_23)
FNDA:21,(anonymous_24)
FNDA:0,(anonymous_25)
FNDA:0,(anonymous_26)
FNDA:21,(anonymous_27)
FNDA:11430,(anonymous_28)
FNDA:55132,(anonymous_29)
DA:1,1
DA:3,1
DA:4,1
DA:13,1
DA:20,21
DA:29,21
DA:31,21
DA:33,21
DA:36,21
DA:37,0
DA:39,0
DA:40,0
DA:41,0
DA:45,21
DA:46,0
DA:47,0
DA:51,21
DA:53,14
DA:54,14
DA:55,14
DA:58,14
DA:61,1
DA:62,1
DA:65,1
DA:68,1
DA:69,1
DA:74,0
DA:78,21
DA:79,21
DA:82,21
DA:83,11430
DA:87,21
DA:88,62
DA:92,21
DA:93,21
DA:96,21
DA:100,21
DA:101,14
DA:103,14
DA:106,14
DA:109,14
DA:110,14
DA:114,14
DA:115,3
DA:122,14
DA:123,0
DA:124,0
DA:126,0
DA:127,0
DA:130,0
DA:131,0
DA:133,0
DA:141,0
DA:145,14
DA:146,14
DA:147,14
DA:149,14
DA:150,14
DA:153,14
DA:162,14
DA:163,14
DA:166,62
DA:167,62
DA:170,14
DA:171,14
DA:175,14
DA:176,0
DA:177,0
DA:178,0
DA:180,0
DA:205,0
DA:208,0
DA:209,0
DA:212,0
DA:214,0
DA:219,14
DA:231,14
DA:236,14
DA:237,0
DA:242,21
DA:243,21
DA:244,21
DA:246,21
DA:247,14
DA:250,21
DA:251,21
DA:253,21
DA:254,21
DA:259,21
DA:260,12
DA:261,5
DA:262,0
DA:264,5
DA:269,21
DA:270,21
DA:272,0
DA:273,0
DA:274,0
DA:276,0
DA:301,0
DA:304,0
DA:305,0
DA:307,0
DA:313,21
DA:314,21
DA:316,21
DA:317,11430
DA:318,11430
DA:319,11430
DA:322,55132
DA:324,11430
DA:326,61
DA:328,61
DA:329,61
DA:331,1
DA:333,1
DA:334,1
DA:336,21
DA:337,21
DA:339,11347
DA:343,11430
DA:347,11430
DA:355,21
LF:123
LH:89
BRDA:17,0,0,21
BRDA:37,1,0,0
BRDA:46,2,0,0
BRDA:53,3,0,0
BRDA:53,4,0,14
BRDA:53,4,1,0
BRDA:54,5,0,0
BRDA:54,6,0,14
BRDA:54,6,1,0
BRDA:54,6,2,0
BRDA:55,7,0,0
BRDA:55,8,0,14
BRDA:55,8,1,0
BRDA:58,9,0,13
BRDA:65,10,0,0
BRDA:68,11,0,1
BRDA:68,12,0,1
BRDA:68,12,1,1
BRDA:88,13,0,61
BRDA:88,13,1,1
BRDA:92,14,0,21
BRDA:101,15,0,0
BRDA:109,16,0,14
BRDA:109,17,0,14
BRDA:109,17,1,0
BRDA:109,17,2,0
BRDA:109,17,3,0
BRDA:114,18,0,3
BRDA:122,19,0,0
BRDA:124,20,0,0
BRDA:145,21,0,14
BRDA:145,22,0,14
BRDA:145,22,1,0
BRDA:147,23,0,0
BRDA:155,24,0,0
BRDA:155,24,1,14
BRDA:171,25,0,0
BRDA:171,25,1,14
BRDA:175,26,0,0
BRDA:175,27,0,14
BRDA:175,27,1,0
BRDA:175,27,2,0
BRDA:176,28,0,0
BRDA:176,28,1,0
BRDA:236,29,0,0
BRDA:244,30,0,0
BRDA:260,31,0,5
BRDA:270,32,0,0
BRDA:270,33,0,21
BRDA:270,33,1,0
BRDA:270,33,2,0
BRDA:272,34,0,0
BRDA:272,34,1,0
BRDA:317,35,0,11430
BRDA:317,35,1,0
BRDA:324,36,0,61
BRDA:324,36,1,1
BRDA:324,36,2,21
BRDA:324,36,3,11347
BRDA:328,37,0,61
BRDA:328,37,1,0
BRDA:333,38,0,1
BRDA:333,38,1,0
BRDA:343,39,0,0
BRDA:343,39,1,11430
BRDA:344,40,0,0
BRDA:344,40,1,11430
BRDA:378,41,0,21
BRDA:378,41,1,21
BRDA:383,42,0,21
BRDA:383,42,1,0
BRF:71
BRH:33
end_of_record
TN:
SF:src/components/VirtualKeyboard.tsx
FN:9,(anonymous_0)
FN:23,(anonymous_1)
FN:46,(anonymous_2)
FN:81,(anonymous_3)
FN:112,(anonymous_4)
FN:114,(anonymous_5)
FNF:6
FNH:0
FNDA:0,(anonymous_0)
FNDA:0,(anonymous_1)
FNDA:0,(anonymous_2)
FNDA:0,(anonymous_3)
FNDA:0,(anonymous_4)
FNDA:0,(anonymous_5)
DA:9,0
DA:14,0
DA:23,0
DA:24,0
DA:26,0
DA:29,0
DA:30,0
DA:31,0
DA:34,0
DA:35,0
DA:36,0
DA:37,0
DA:43,0
DA:46,0
DA:47,0
DA:49,0
DA:50,0
DA:54,0
DA:55,0
DA:56,0
DA:60,0
DA:61,0
DA:62,0
DA:66,0
DA:67,0
DA:70,0
DA:71,0
DA:74,0
DA:75,0
DA:78,0
DA:81,0
DA:82,0
DA:84,0
DA:86,0
DA:88,0
DA:90,0
DA:92,0
DA:94,0
DA:99,0
DA:101,0
DA:105,0
DA:113,0
DA:115,0
LF:43
LH:0
BRDA:12,0,0,0
BRDA:24,1,0,0
BRDA:29,2,0,0
BRDA:30,3,0,0
BRDA:30,4,0,0
BRDA:30,4,1,0
BRDA:31,5,0,0
BRDA:36,6,0,0
BRDA:49,7,0,0
BRDA:55,8,0,0
BRDA:55,9,0,0
BRDA:55,9,1,0
BRDA:55,9,2,0
BRDA:61,10,0,0
BRDA:61,11,0,0
BRDA:61,11,1,0
BRDA:61,11,2,0
BRDA:66,12,0,0
BRDA:70,13,0,0
BRDA:74,14,0,0
BRDA:82,15,0,0
BRDA:82,15,1,0
BRDA:82,15,2,0
BRDA:82,15,3,0
BRDA:82,15,4,0
BRDA:82,15,5,0
BRDA:82,15,6,0
BRDA:82,15,7,0
BRDA:82,15,8,0
BRDA:82,15,9,0
BRDA:82,15,10,0
BRDA:119,16,0,0
BRDA:119,16,1,0
BRDA:126,17,0,0
BRDA:126,17,1,0
BRDA:126,17,2,0
BRDA:126,17,3,0
BRDA:128,18,0,0
BRDA:128,18,1,0
BRDA:133,19,0,0
BRDA:133,19,1,0
BRDA:133,19,2,0
BRDA:142,20,0,0
BRDA:142,20,1,0
BRDA:142,20,2,0
BRDA:142,20,3,0
BRF:46
BRH:0
end_of_record
TN:
SF:src/hooks/useTypingResults.ts
FN:5,(anonymous_0)
FN:11,(anonymous_1)
FN:16,(anonymous_2)
FN:17,(anonymous_3)
FN:33,(anonymous_4)
FN:39,(anonymous_5)
FN:41,(anonymous_6)
FN:49,(anonymous_7)
FN:56,(anonymous_8)
FN:61,(anonymous_9)
FN:68,(anonymous_10)
FN:69,(anonymous_11)
FN:72,(anonymous_12)
FNF:13
FNH:0
FNDA:0,(anonymous_0)
FNDA:0,(anonymous_1)
FNDA:0,(anonymous_2)
FNDA:0,(anonymous_3)
FNDA:0,(anonymous_4)
FNDA:0,(anonymous_5)
FNDA:0,(anonymous_6)
FNDA:0,(anonymous_7)
FNDA:0,(anonymous_8)
FNDA:0,(anonymous_9)
FNDA:0,(anonymous_10)
FNDA:0,(anonymous_11)
FNDA:0,(anonymous_12)
DA:1,0
DA:3,0
DA:5,0
DA:6,0
DA:7,0
DA:8,0
DA:11,0
DA:12,0
DA:16,0
DA:17,0
DA:18,0
DA:19,0
DA:20,0
DA:21,0
DA:23,0
DA:24,0
DA:26,0
DA:30,0
DA:33,0
DA:34,0
DA:35,0
DA:36,0
DA:39,0
DA:41,0
DA:42,0
DA:43,0
DA:45,0
DA:49,0
DA:51,0
DA:52,0
DA:56,0
DA:57,0
DA:58,0
DA:59,0
DA:60,0
DA:61,0
DA:63,0
DA:64,0
DA:68,0
DA:69,0
DA:72,0
DA:73,0
DA:76,0
LF:43
LH:0
BRDA:42,0,0,0
BRDA:72,1,0,0
BRF:2
BRH:0
end_of_record
TN:
SF:src/utils/dataManager.ts
FN:28,(anonymous_0)
FN:33,(anonymous_1)
FN:39,(anonymous_2)
FN:46,(anonymous_3)
FN:54,(anonymous_4)
FN:77,(anonymous_5)
FN:188,(anonymous_6)
FN:198,(anonymous_7)
FN:226,(anonymous_8)
FN:236,(anonymous_9)
FN:238,(anonymous_10)
FN:242,(anonymous_11)
FN:257,(anonymous_12)
FN:258,(anonymous_13)
FN:259,(anonymous_14)
FN:260,(anonymous_15)
FN:283,(anonymous_16)
FN:306,(anonymous_17)
FN:328,(anonymous_18)
FN:333,(anonymous_19)
FN:355,(anonymous_20)
FNF:21
FNH:12
FNDA:2,(anonymous_0)
FNDA:0,(anonymous_1)
FNDA:0,(anonymous_2)
FNDA:114,(anonymous_3)
FNDA:5,(anonymous_4)
FNDA:49,(anonymous_5)
FNDA:28,(anonymous_6)
FNDA:10133,(anonymous_7)
FNDA:11117,(anonymous_8)
FNDA:0,(anonymous_9)
FNDA:0,(anonymous_10)
FNDA:2,(anonymous_11)
FNDA:0,(anonymous_12)
FNDA:0,(anonymous_13)
FNDA:0,(anonymous_14)
FNDA:0,(anonymous_15)
FNDA:2,(anonymous_16)
FNDA:0,(anonymous_17)
FNDA:50,(anonymous_18)
FNDA:3,(anonymous_19)
FNDA:62,(anonymous_20)
DA:7,10
DA:8,10
DA:18,10
DA:24,10
DA:25,10
DA:30,2
DA:31,2
DA:33,2
DA:34,0
DA:35,0
DA:36,0
DA:39,2
DA:40,0
DA:41,0
DA:47,114
DA:48,114
DA:56,5
DA:57,2
DA:61,3
DA:62,0
DA:66,3
DA:69,3
DA:73,0
DA:78,49
DA:80,49
DA:81,3
DA:93,48
DA:94,48
DA:97,48
DA:98,48
DA:117,38
DA:118,35
DA:120,2
DA:121,0
DA:124,13
DA:128,48
DA:129,48
DA:130,43
DA:132,5
DA:135,5
DA:137,5
DA:139,2
DA:141,2
DA:146,2
DA:147,1
DA:150,1
DA:152,1
DA:156,3
DA:161,5
DA:162,0
DA:166,48
DA:177,1
DA:178,1
DA:189,28
DA:190,28
DA:193,28
DA:194,28
DA:195,28
DA:196,21
DA:197,21
DA:198,10133
DA:214,11
DA:219,28
DA:220,12
DA:225,28
DA:226,11117
DA:230,0
DA:231,0
DA:237,0
DA:238,0
DA:243,2
DA:244,2
DA:246,2
DA:247,2
DA:256,0
DA:257,0
DA:258,0
DA:259,0
DA:260,0
DA:262,0
DA:271,0
DA:272,0
DA:284,2
DA:286,2
DA:287,2
DA:290,2
DA:291,2
DA:292,2
DA:293,0
DA:295,2
DA:299,2
DA:301,0
DA:307,0
DA:308,0
DA:309,0
DA:311,0
DA:313,0
DA:314,0
DA:315,0
DA:317,0
DA:321,0
DA:323,0
DA:329,50
DA:330,50
DA:333,50
DA:334,50
DA:335,2
DA:336,2
DA:340,48
DA:343,48
DA:344,48
DA:346,42
DA:348,6
DA:350,6
DA:356,62
DA:357,62
DA:358,58
DA:360,6
DA:361,6
LF:119
LH:86
BRDA:56,0,0,2
BRDA:56,1,0,5
BRDA:56,1,1,3
BRDA:61,2,0,0
BRDA:61,3,0,3
BRDA:61,3,1,3
BRDA:66,4,0,3
BRDA:66,5,0,3
BRDA:66,5,1,0
BRDA:66,5,2,0
BRDA:80,6,0,3
BRDA:117,7,0,35
BRDA:117,7,1,2
BRDA:137,8,0,2
BRDA:137,8,1,3
BRDA:161,9,0,0
BRDA:161,10,0,5
BRDA:161,10,1,0
BRDA:168,11,0,35
BRDA:168,11,1,13
BRDA:169,12,0,31
BRDA:169,12,1,4
BRDA:170,13,0,13
BRDA:170,13,1,0
BRDA:188,14,0,6
BRDA:193,15,0,28
BRDA:196,16,0,21
BRDA:219,17,0,12
BRDA:246,18,0,2
BRDA:290,19,0,2
BRDA:309,20,0,0
BRDA:334,21,0,2
BRDA:358,22,0,9
BRDA:358,22,1,49
BRF:34
BRH:27
end_of_record
TN:
SF:src/utils/hashUtils.ts
FN:12,generateResultHash
FN:27,generateHashForResult
FN:47,generateHashFromString
FN:68,areResultsDuplicate
FN:75,resultExists
FN:76,(anonymous_5)
FN:82,removeDuplicates
FN:84,(anonymous_7)
FN:97,generateTestSessionId
FN:106,areResultsFromSameSession
FNF:10
FNH:10
FNDA:106,generateResultHash
FNDA:14,generateHashForResult
FNDA:120,generateHashFromString
FNDA:4,areResultsDuplicate
FNDA:2,resultExists
FNDA:3,(anonymous_5)
FNDA:3,removeDuplicates
FNDA:1007,(anonymous_7)
FNDA:2,generateTestSessionId
FNDA:3,areResultsFromSameSession
DA:12,10
DA:14,106
DA:17,106
DA:20,106
DA:27,10
DA:38,14
DA:40,14
DA:48,120
DA:49,120
DA:51,120
DA:52,6019
DA:53,6019
DA:54,6019
DA:58,120
DA:59,120
DA:62,120
DA:68,10
DA:69,4
DA:75,10
DA:76,3
DA:82,10
DA:83,3
DA:84,3
DA:85,1007
DA:86,2
DA:88,1005
DA:89,1005
DA:97,10
DA:98,2
DA:99,2
DA:100,2
DA:106,10
DA:107,3
DA:108,3
LF:34
LH:34
BRDA:49,0,0,0
BRDA:85,1,0,2
BRDA:106,2,0,3
BRDA:108,3,0,3
BRDA:108,3,1,2
BRF:5
BRH:4
end_of_record
TN:
SF:src/utils/petManager.ts
FN:8,(anonymous_1)
FN:12,(anonymous_2)
FN:19,(anonymous_3)
FN:62,(anonymous_4)
FN:66,(anonymous_5)
FN:109,(anonymous_6)
FN:125,(anonymous_7)
FN:129,(anonymous_8)
FN:146,(anonymous_9)
FN:148,(anonymous_10)
FN:151,(anonymous_11)
FN:154,(anonymous_12)
FN:157,(anonymous_13)
FN:185,(anonymous_14)
FN:189,(anonymous_15)
FN:194,(anonymous_16)
FNF:16
FNH:0
FNDA:0,(anonymous_1)
FNDA:0,(anonymous_2)
FNDA:0,(anonymous_3)
FNDA:0,(anonymous_4)
FNDA:0,(anonymous_5)
FNDA:0,(anonymous_6)
FNDA:0,(anonymous_7)
FNDA:0,(anonymous_8)
FNDA:0,(anonymous_9)
FNDA:0,(anonymous_10)
FNDA:0,(anonymous_11)
FNDA:0,(anonymous_12)
FNDA:0,(anonymous_13)
FNDA:0,(anonymous_14)
FNDA:0,(anonymous_15)
FNDA:0,(anonymous_16)
DA:2,2
DA:4,2
DA:9,0
DA:13,0
DA:14,0
DA:16,0
DA:20,0
DA:21,0
DA:22,0
DA:23,0
DA:25,0
DA:30,0
DA:63,0
DA:67,0
DA:70,0
DA:71,0
DA:72,0
DA:75,0
DA:76,0
DA:79,0
DA:80,0
DA:83,0
DA:84,0
DA:88,0
DA:89,0
DA:90,0
DA:91,0
DA:95,0
DA:96,0
DA:97,0
DA:100,0
DA:103,0
DA:106,0
DA:110,0
DA:111,0
DA:113,0
DA:114,0
DA:115,0
DA:116,0
DA:119,0
DA:120,0
DA:121,0
DA:126,0
DA:129,0
DA:130,0
DA:135,0
DA:136,0
DA:137,0
DA:140,0
DA:141,0
DA:142,0
DA:147,0
DA:148,0
DA:152,0
DA:153,0
DA:154,0
DA:158,0
DA:159,0
DA:161,0
DA:162,0
DA:165,0
DA:166,0
DA:167,0
DA:168,0
DA:169,0
DA:170,0
DA:172,0
DA:173,0
DA:174,0
DA:176,0
DA:178,0
DA:186,0
DA:190,0
DA:191,0
DA:195,0
DA:198,0
DA:199,0
DA:200,0
DA:204,0
DA:205,0
DA:206,0
DA:207,0
DA:208,0
DA:209,0
DA:210,0
DA:211,0
DA:214,0
DA:215,0
DA:216,0
DA:217,0
DA:218,0
DA:222,0
LF:92
LH:2
BRDA:13,0,0,0
BRDA:21,1,0,0
BRDA:71,2,0,0
BRDA:71,2,1,0
BRDA:71,3,0,0
BRDA:71,3,1,0
BRDA:83,4,0,0
BRDA:88,5,0,0
BRDA:88,5,1,0
BRDA:88,6,0,0
BRDA:88,6,1,0
BRDA:90,7,0,0
BRDA:90,8,0,0
BRDA:90,8,1,0
BRDA:113,9,0,0
BRDA:130,10,0,0
BRDA:130,11,0,0
BRDA:130,11,1,0
BRDA:130,11,2,0
BRDA:130,11,3,0
BRDA:148,12,0,0
BRDA:148,12,1,0
BRDA:154,13,0,0
BRDA:154,13,1,0
BRDA:161,14,0,0
BRDA:198,15,0,0
BRDA:204,16,0,0
BRDA:206,17,0,0
BRDA:206,17,1,0
BRDA:208,18,0,0
BRDA:215,19,0,0
BRF:31
BRH:0
end_of_record
TN:
SF:src/utils/testLoader.ts
FN:6,(anonymous_1)
FN:10,(anonymous_2)
FN:11,(anonymous_3)
FN:14,(anonymous_4)
FN:15,(anonymous_5)
FN:21,(anonymous_6)
FN:22,(anonymous_7)
FN:25,(anonymous_8)
FN:26,(anonymous_9)
FN:30,(anonymous_10)
FN:32,(anonymous_11)
FN:33,(anonymous_12)
FN:37,(anonymous_13)
FN:41,(anonymous_14)
FN:42,(anonymous_15)
FN:45,(anonymous_16)
FN:51,(anonymous_17)
FN:81,(anonymous_18)
FNF:18
FNH:3
FNDA:0,(anonymous_1)
FNDA:0,(anonymous_2)
FNDA:0,(anonymous_3)
FNDA:3,(anonymous_4)
FNDA:426,(anonymous_5)
FNDA:0,(anonymous_6)
FNDA:0,(anonymous_7)
FNDA:0,(anonymous_8)
FNDA:0,(anonymous_9)
FNDA:0,(anonymous_10)
FNDA:0,(anonymous_11)
FNDA:0,(anonymous_12)
FNDA:0,(anonymous_13)
FNDA:0,(anonymous_14)
FNDA:0,(anonymous_15)
FNDA:0,(anonymous_16)
FNDA:5,(anonymous_17)
FNDA:0,(anonymous_18)
DA:2,1
DA:3,1
DA:4,1
DA:6,1
DA:7,0
DA:10,1
DA:11,0
DA:14,1
DA:15,3
DA:16,426
DA:18,3
DA:21,1
DA:22,0
DA:25,1
DA:26,0
DA:27,0
DA:30,1
DA:31,0
DA:32,0
DA:33,0
DA:34,0
DA:37,1
DA:38,0
DA:41,1
DA:42,0
DA:45,1
DA:46,0
DA:47,0
DA:48,0
DA:51,1
DA:53,5
DA:54,4
DA:58,4
DA:60,4
DA:62,4
DA:73,1
DA:74,1
DA:75,0
DA:77,1
DA:78,1
DA:81,1
DA:82,0
DA:83,0
LF:43
LH:26
BRDA:16,0,0,426
BRDA:16,0,1,64
BRDA:47,1,0,0
BRDA:53,2,0,4
BRDA:54,3,0,4
BRDA:54,3,1,0
BRDA:55,4,0,0
BRDA:55,4,1,0
BRDA:60,5,0,0
BRDA:60,5,1,4
BRDA:74,6,0,0
BRDA:83,7,0,0
BRDA:83,7,1,0
BRF:13
BRH:5
end_of_record
TN:
SF:src/utils/wordGenerator.ts
FN:12,(anonymous_1)
FN:16,(anonymous_2)
FN:25,(anonymous_3)
FN:65,(anonymous_4)
FN:79,(anonymous_5)
FN:96,(anonymous_6)
FN:114,(anonymous_7)
FN:147,(anonymous_8)
FNF:8
FNH:8
FNDA:4,(anonymous_1)
FNDA:61,(anonymous_2)
FNDA:21,(anonymous_3)
FNDA:29241,(anonymous_4)
FNDA:4,(anonymous_5)
FNDA:3,(anonymous_6)
FNDA:3,(anonymous_7)
FNDA:9,(anonymous_8)
DA:1,2
DA:11,2
DA:13,4
DA:17,61
DA:18,61
DA:19,63952
DA:20,63952
DA:22,61
DA:32,21
DA:35,21
DA:36,2
DA:39,19
DA:41,19
DA:43,9
DA:44,10
DA:46,4
DA:47,4
DA:49,4
DA:51,6
DA:53,6
DA:54,6
DA:56,5
DA:65,19
DA:66,29241
DA:70,19
DA:71,1
DA:75,19
DA:76,19
DA:81,4
DA:82,0
DA:86,4
DA:87,4
DA:89,4
DA:98,3
DA:99,0
DA:102,3
DA:105,3
DA:106,3
DA:107,3
DA:110,3
DA:111,3
DA:116,3
DA:117,0
DA:120,3
DA:121,3
DA:123,3
DA:126,3
DA:127,6
DA:128,6
DA:129,1
DA:130,5
DA:131,2
DA:133,2
DA:134,3
DA:135,3
DA:137,3
DA:138,3
DA:143,3
DA:144,3
DA:149,9
DA:150,0
DA:154,9
DA:155,9
DA:156,9
DA:158,9
DA:159,5
DA:160,5
DA:161,4
DA:162,3
DA:163,3
DA:164,3
DA:166,1
DA:167,1
DA:168,1
DA:172,9
DA:173,9
DA:174,9
DA:176,9
DA:177,9
DA:178,9
DA:181,9
DA:182,9
DA:183,9
DA:185,9
DA:192,9
DA:193,10
DA:194,10
DA:195,10
DA:196,0
DA:197,0
DA:198,0
DA:199,0
DA:200,0
DA:201,0
DA:204,0
DA:205,0
DA:206,0
DA:207,0
DA:212,9
LF:99
LH:85
BRDA:25,0,0,1
BRDA:27,1,0,4
BRDA:28,2,0,1
BRDA:29,3,0,20
BRDA:30,4,0,20
BRDA:31,5,0,13
BRDA:35,6,0,2
BRDA:41,7,0,9
BRDA:41,7,1,10
BRDA:44,8,0,4
BRDA:44,8,1,6
BRDA:47,9,0,4
BRDA:51,10,0,6
BRDA:54,11,0,5
BRDA:66,12,0,29241
BRDA:66,12,1,29061
BRDA:70,13,0,1
BRDA:79,14,0,0
BRDA:81,15,0,0
BRDA:96,16,0,0
BRDA:98,17,0,0
BRDA:114,18,0,0
BRDA:114,19,0,0
BRDA:116,20,0,0
BRDA:128,21,0,1
BRDA:128,21,1,5
BRDA:130,22,0,2
BRDA:130,22,1,3
BRDA:134,23,0,3
BRDA:147,24,0,0
BRDA:147,25,0,1
BRDA:149,26,0,0
BRDA:158,27,0,5
BRDA:158,27,1,4
BRDA:161,28,0,3
BRDA:161,28,1,1
BRDA:193,29,0,10
BRDA:193,29,1,0
BRDA:196,30,0,0
BRDA:196,30,1,0
BRDA:199,31,0,0
BRDA:199,31,1,0
BRF:42
BRH:28
end_of_record
